[debug] [2023-03-29T23:11:32.789Z] ----------------------------------------------------------------------
[debug] [2023-03-29T23:11:32.791Z] Command:       C:\Program Files\nodejs\node.exe C:\Users\Crusher\AppData\Roaming\npm\node_modules\firebase-tools\lib\bin\firebase.js init
[debug] [2023-03-29T23:11:32.791Z] CLI Version:   11.25.2
[debug] [2023-03-29T23:11:32.792Z] Platform:      win32
[debug] [2023-03-29T23:11:32.792Z] Node Version:  v18.13.0
[debug] [2023-03-29T23:11:32.793Z] Time:          Thu Mar 30 2023 04:41:32 GMT+0530 (India Standard Time)
[debug] [2023-03-29T23:11:32.793Z] ----------------------------------------------------------------------
[debug] 
[debug] [2023-03-29T23:11:32.802Z] > command requires scopes: ["email","openid","https://www.googleapis.com/auth/cloudplatformprojects.readonly","https://www.googleapis.com/auth/firebase","https://www.googleapis.com/auth/cloud-platform"]
[debug] [2023-03-29T23:11:32.802Z] > authorizing via signed-in user (pchalaru@gmail.com)
[info] 
     ######## #### ########  ######## ########     ###     ######  ########
     ##        ##  ##     ## ##       ##     ##  ##   ##  ##       ##
     ######    ##  ########  ######   ########  #########  ######  ######
     ##        ##  ##    ##  ##       ##     ## ##     ##       ## ##
     ##       #### ##     ## ######## ########  ##     ##  ######  ########

You're about to initialize a Firebase project in this directory:

  D:\Dev\__PedroTech\react23_beginner\project_react

[info] 
=== Project Setup
[info] 
[info] First, let's associate this project directory with a Firebase project.
[info] You can create multiple project aliases by running firebase use --add, 
[info] but for now we'll just set up a default project.
[info] 
[debug] [2023-03-29T23:13:09.110Z] >>> [apiv2][query] GET https://firebase.googleapis.com/v1beta1/projects pageSize=100
[debug] [2023-03-29T23:13:10.275Z] <<< [apiv2][status] GET https://firebase.googleapis.com/v1beta1/projects 200
[debug] [2023-03-29T23:13:10.276Z] <<< [apiv2][body] GET https://firebase.googleapis.com/v1beta1/projects [omitted]
[info] i  Using project pedrotech-react22 (pedrotech-react22) 
[info] 
=== Hosting Setup
[info] 
[info] Your public directory is the folder (relative to your project directory) that
[info] will contain Hosting assets to be uploaded with firebase deploy. If you
[info] have a build process for your assets, use your build's output directory.
[info] 
[info] +  Wrote public/404.html 
[debug] [2023-03-29T23:14:52.742Z] >>> [apiv2][query] GET https://www.gstatic.com/firebasejs/releases.json [none]
[debug] [2023-03-29T23:14:53.567Z] <<< [apiv2][status] GET https://www.gstatic.com/firebasejs/releases.json 200
[debug] [2023-03-29T23:14:53.567Z] <<< [apiv2][body] GET https://www.gstatic.com/firebasejs/releases.json {"current":{"version":"9.18.0","browserURL":"https://www.gstatic.com/firebasejs/9.18.0/firebase.js","packageURL":"https://www.gstatic.com/firebasejs/9.18.0/firebase.tgz"},"live":{"version":"9.18","browserURL":"https://www.gstatic.com/firebasejs/live/9.18/firebase.js","packageURL":"https://www.gstatic.com/firebasejs/live/9.18/firebase.tgz"},"components":{"analytics":"https://www.gstatic.com/firebasejs/9.18.0/firebase-analytics.js","app":"https://www.gstatic.com/firebasejs/9.18.0/firebase-app.js","app-check":"https://www.gstatic.com/firebasejs/9.18.0/firebase-app-check.js","auth":"https://www.gstatic.com/firebasejs/9.18.0/firebase-auth.js","auth/cordova":"https://www.gstatic.com/firebasejs/9.18.0/firebase-auth/cordova.js","auth/react-native":"https://www.gstatic.com/firebasejs/9.18.0/firebase-auth/react-native.js","functions":"https://www.gstatic.com/firebasejs/9.18.0/firebase-functions.js","firestore":"https://www.gstatic.com/firebasejs/9.18.0/firebase-firestore.js","firestore/lite":"https://www.gstatic.com/firebasejs/9.18.0/firebase-firestore/lite.js","installations":"https://www.gstatic.com/firebasejs/9.18.0/firebase-installations.js","storage":"https://www.gstatic.com/firebasejs/9.18.0/firebase-storage.js","performance":"https://www.gstatic.com/firebasejs/9.18.0/firebase-performance.js","remote-config":"https://www.gstatic.com/firebasejs/9.18.0/firebase-remote-config.js","messaging":"https://www.gstatic.com/firebasejs/9.18.0/firebase-messaging.js","messaging/sw":"https://www.gstatic.com/firebasejs/9.18.0/firebase-messaging/sw.js","database":"https://www.gstatic.com/firebasejs/9.18.0/firebase-database.js","firestore.memory":"https://www.gstatic.com/firebasejs/9.18.0/firebase-firestore.memory.js"}}
[info] i  Skipping write of public/index.html 
[info] 
[info] i  Detected a .git folder at D:\Dev\__PedroTech\react23_beginner\project_react 
[info] i  Authorizing with GitHub to upload your service account to a GitHub repository's secrets store. 
[info] 
[info] Visit this URL on this device to log in:
[info] https://github.com/login/oauth/authorize?client_id=89cf50f02ac6aaed3484&state=564067972&redirect_uri=http%3A%2F%2Flocalhost%3A9005&scope=read%3Auser%20repo%20public_repo
[info] 
[info] Waiting for authentication...
[debug] [2023-03-29T23:15:21.068Z] >>> [apiv2][query] POST https://github.com/login/oauth/access_token [none]
[debug] [2023-03-29T23:15:21.068Z] >>> [apiv2][body] POST https://github.com/login/oauth/access_token [stream]
[debug] [2023-03-29T23:15:21.617Z] <<< [apiv2][status] POST https://github.com/login/oauth/access_token 200
[debug] [2023-03-29T23:15:21.618Z] <<< [apiv2][body] POST https://github.com/login/oauth/access_token {"access_token":"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","token_type":"bearer","scope":"read:user,repo"}
[debug] [2023-03-29T23:15:21.630Z] >>> [apiv2][query] GET https://api.github.com/user [none]
[debug] [2023-03-29T23:15:22.206Z] <<< [apiv2][status] GET https://api.github.com/user 200
[debug] [2023-03-29T23:15:22.206Z] <<< [apiv2][body] GET https://api.github.com/user {"login":"crusherlk","id":42083827,"node_id":"MDQ6VXNlcjQyMDgzODI3","avatar_url":"https://avatars.githubusercontent.com/u/42083827?v=4","gravatar_id":"","url":"https://api.github.com/users/crusherlk","html_url":"https://github.com/crusherlk","followers_url":"https://api.github.com/users/crusherlk/followers","following_url":"https://api.github.com/users/crusherlk/following{/other_user}","gists_url":"https://api.github.com/users/crusherlk/gists{/gist_id}","starred_url":"https://api.github.com/users/crusherlk/starred{/owner}{/repo}","subscriptions_url":"https://api.github.com/users/crusherlk/subscriptions","organizations_url":"https://api.github.com/users/crusherlk/orgs","repos_url":"https://api.github.com/users/crusherlk/repos","events_url":"https://api.github.com/users/crusherlk/events{/privacy}","received_events_url":"https://api.github.com/users/crusherlk/received_events","type":"User","site_admin":false,"name":"Pankaja Chalaru","company":null,"blog":"","location":"Avissawella,Sri Lanka","email":null,"hireable":null,"bio":"Yo!","twitter_username":"crusherlk","public_repos":5,"public_gists":0,"followers":0,"following":3,"created_at":"2018-08-04T04:47:58Z","updated_at":"2023-03-17T21:34:42Z","private_gists":0,"total_private_repos":3,"owned_private_repos":3,"disk_usage":22414,"collaborators":0,"two_factor_authentication":false,"plan":{"name":"free","space":976562499,"collaborators":0,"private_repos":10000}}
[info] 
[info] +  Success! Logged into GitHub as crusherlk 
[info] 
